<?xml version="1.0" encoding="UTF-8"?>
<!-- Generated by org.testng.reporters.JUnitXMLReporter -->
<testsuite hostname="INWS03011-02" ignored="0" name="DependentsOnTest" tests="3" failures="1" timestamp="03 Jun 2021 05:32:49 GMT" time="0.017" errors="0">
  <testcase name="openBrowser" time="0.001" classname="com.project.test.Testcases.DependentsOnTest"/>
  <testcase name="signIn" time="0.004" classname="com.project.test.Testcases.DependentsOnTest">
    <failure type="java.lang.AssertionError" message="expected [true] but found [false]">
      <![CDATA[java.lang.AssertionError: expected [true] but found [false]
at com.project.test.Testcases.DependentsOnTest.signIn(DependentsOnTest.java:11)
... Removed 29 stack frames]]>
    </failure>
  </testcase> <!-- signIn -->
  <testcase name="closeBrowser" time="0.0" classname="com.project.test.Testcases.DependentsOnTest">
    <skipped/>
  </testcase> <!-- closeBrowser -->
</testsuite> <!-- DependentsOnTest -->
